<?xml version="1.0" encoding="UTF-8"?>
<!-- Generated by org.testng.reporters.JUnitReportReporter -->
<testsuite hostname="LAPTOP-92ICR69A" failures="0" tests="1" name="test_script.AdminUsersTest" time="4.139" errors="0" timestamp="2025-05-28T12:01:35 IST" skipped="0">
  <testcase classname="test_script.AdminUsersTest" name="adminUsersTest" time="4.139"/>
</testsuite> <!-- test_script.AdminUsersTest -->
