<?xml version="1.0" encoding="UTF-8"?>
<!-- Generated by org.testng.reporters.JUnitReportReporter -->
<testsuite hostname="LAPTOP-92ICR69A" failures="0" tests="1" name="test_script.Login" time="8.844" errors="0" timestamp="2025-05-19T10:51:31 IST" skipped="0">
  <testcase classname="test_script.Login" name="loginTest" time="8.844"/>
</testsuite> <!-- test_script.Login -->
