<?xml version="1.0" encoding="UTF-8"?>
<!-- Generated by org.testng.reporters.JUnitReportReporter -->
<testsuite hostname="LAPTOP-92ICR69A" failures="0" tests="1" name="test_script.ManageNewsTest" time="3.865" errors="0" timestamp="2025-05-23T10:44:19 IST" skipped="0">
  <testcase classname="test_script.ManageNewsTest" name="manageNewsTest" time="3.865"/>
</testsuite> <!-- test_script.ManageNewsTest -->
