<?xml version="1.0" encoding="UTF-8"?>
<!-- Generated by org.testng.reporters.JUnitReportReporter -->
<testsuite hostname="LAPTOP-92ICR69A" failures="0" tests="1" name="test_script.LoginTest" time="6.745" errors="0" timestamp="2025-05-26T11:34:06 IST" skipped="0">
  <testcase classname="test_script.LoginTest" name="logintest" time="6.745"/>
</testsuite> <!-- test_script.LoginTest -->
