<?xml version="1.0" encoding="UTF-8"?>
<!-- Generated by org.testng.reporters.JUnitReportReporter -->
<testsuite hostname="LAPTOP-92ICR69A" failures="0" tests="1" name="test_script.ManageContactTest" time="5.129" errors="0" timestamp="2025-05-27T11:59:50 IST" skipped="0">
  <testcase classname="test_script.ManageContactTest" name="manageContactTest" time="5.129"/>
</testsuite> <!-- test_script.ManageContactTest -->
